<?xml version="1.0" encoding="UTF-8" ?>
<testsuite tests="1" failures="1" name="org.hua.queue.LinkedQueueTest" time="0.009" errors="0" skipped="0">
  <properties>
[...]
</properties>
  <testcase classname="org.hua.queue.LinkedQueueTest" name="org.hua.queue.LinkedQueueTest.testLinkedQueue" time="0.009">
    <failure message="expected: &lt;true&gt; but was: &lt;false&gt;" type="org.opentest4j.AssertionFailedError">org.opentest4j.AssertionFailedError: expected: &lt;true&gt; but was: &lt;false&gt;
	at org.junit.jupiter.api.AssertionUtils.fail(AssertionUtils.java:55)
	at org.junit.jupiter.api.AssertTrue.assertTrue(AssertTrue.java:40)
	at org.junit.jupiter.api.AssertTrue.assertTrue(AssertTrue.java:35)
	at org.junit.jupiter.api.Assertions.assertTrue(Assertions.java:162)
	at org.hua.queue.LinkedQueueTest.testLinkedQueue(LinkedQueueTest.java:26)
</failure>
  </testcase>
</testsuite>